[debug] [2020-05-24T16:46:27.428Z] ----------------------------------------------------------------------
[debug] [2020-05-24T16:46:27.430Z] Command:       C:\Program Files\nodejs\node.exe C:\Users\stjep\AppData\Roaming\npm\node_modules\firebase-tools\lib\bin\firebase.js init
[debug] [2020-05-24T16:46:27.430Z] CLI Version:   8.4.0
[debug] [2020-05-24T16:46:27.430Z] Platform:      win32
[debug] [2020-05-24T16:46:27.430Z] Node Version:  v12.16.2
[debug] [2020-05-24T16:46:27.431Z] Time:          Sun May 24 2020 18:46:27 GMT+0200 (GMT+02:00)
[debug] [2020-05-24T16:46:27.431Z] ----------------------------------------------------------------------
[debug] [2020-05-24T16:46:27.431Z] 
[debug] [2020-05-24T16:46:27.436Z] > command requires scopes: ["email","openid","https://www.googleapis.com/auth/cloudplatformprojects.readonly","https://www.googleapis.com/auth/firebase","https://www.googleapis.com/auth/cloud-platform"]
[debug] [2020-05-24T16:46:27.437Z] > authorizing via signed-in user
[info] 
     ######## #### ########  ######## ########     ###     ######  ########
     ##        ##  ##     ## ##       ##     ##  ##   ##  ##       ##
     ######    ##  ########  ######   ########  #########  ######  ######
     ##        ##  ##    ##  ##       ##     ## ##     ##       ## ##
     ##       #### ##     ## ######## ########  ##     ##  ######  ########

You're about to initialize a Firebase project in this directory:

  C:\Users\stjep\OneDrive\Skrivbord\Wiesslutprojekt-master

[info] 
=== Project Setup
[info] 
[info] First, let's associate this project directory with a Firebase project.
[info] You can create multiple project aliases by running firebase use --add, 
[info] but for now we'll just set up a default project.
[info] 
